{"C:\\Projects\\MindLab_Starter_Project\\backend\\src\\difficultyRoutes.cjs": {"path":"C:\\Projects\\MindLab_Starter_Project\\backend\\src\\difficultyRoutes.cjs","statementMap":{"0":{"start":{"line":1,"column":17},"end":{"line":1,"column":35}},"1":{"start":{"line":2,"column":13},"end":{"line":2,"column":28}},"2":{"start":{"line":3,"column":11},"end":{"line":3,"column":24}},"3":{"start":{"line":5,"column":15},"end":{"line":5,"column":31}},"4":{"start":{"line":7,"column":0},"end":{"line":25,"column":3}},"5":{"start":{"line":8,"column":19},"end":{"line":8,"column":72}},"6":{"start":{"line":10,"column":2},"end":{"line":24,"column":3}},"7":{"start":{"line":11,"column":4},"end":{"line":13,"column":5}},"8":{"start":{"line":12,"column":6},"end":{"line":12,"column":82}},"9":{"start":{"line":15,"column":16},"end":{"line":15,"column":49}},"10":{"start":{"line":16,"column":17},"end":{"line":16,"column":32}},"11":{"start":{"line":17,"column":4},"end":{"line":17,"column":26}},"12":{"start":{"line":19,"column":4},"end":{"line":23,"column":7}},"13":{"start":{"line":27,"column":0},"end":{"line":27,"column":24}}},"fnMap":{"0":{"name":"(anonymous_0)","decl":{"start":{"line":7,"column":16},"end":{"line":7,"column":17}},"loc":{"start":{"line":7,"column":30},"end":{"line":25,"column":1}},"line":7}},"branchMap":{"0":{"loc":{"start":{"line":11,"column":4},"end":{"line":13,"column":5}},"type":"if","locations":[{"start":{"line":11,"column":4},"end":{"line":13,"column":5}},{"start":{},"end":{}}],"line":11},"1":{"loc":{"start":{"line":22,"column":15},"end":{"line":22,"column":61}},"type":"cond-expr","locations":[{"start":{"line":22,"column":36},"end":{"line":22,"column":47}},{"start":{"line":22,"column":50},"end":{"line":22,"column":61}}],"line":22},"2":{"loc":{"start":{"line":22,"column":15},"end":{"line":22,"column":33}},"type":"binary-expr","locations":[{"start":{"line":22,"column":15},"end":{"line":22,"column":18}},{"start":{"line":22,"column":22},"end":{"line":22,"column":33}}],"line":22}},"s":{"0":1,"1":1,"2":1,"3":1,"4":1,"5":0,"6":0,"7":0,"8":0,"9":0,"10":0,"11":0,"12":0,"13":1},"f":{"0":0},"b":{"0":[0,0],"1":[0,0],"2":[0,0]},"inputSourceMap":null,"_coverageSchema":"1a1c01bbd47fc00a2c39e90264f33305004495a9","hash":"92f1b326186f5131f403f8f7355cd1199531932f"}
,"C:\\Projects\\MindLab_Starter_Project\\backend\\src\\progressPersistence.cjs": {"path":"C:\\Projects\\MindLab_Starter_Project\\backend\\src\\progressPersistence.cjs","statementMap":{"0":{"start":{"line":1,"column":14},"end":{"line":1,"column":29}},"1":{"start":{"line":2,"column":11},"end":{"line":2,"column":24}},"2":{"start":{"line":5,"column":18},"end":{"line":5,"column":69}},"3":{"start":{"line":8,"column":2},"end":{"line":28,"column":3}},"4":{"start":{"line":9,"column":16},"end":{"line":9,"column":39}},"5":{"start":{"line":10,"column":4},"end":{"line":10,"column":68}},"6":{"start":{"line":10,"column":29},"end":{"line":10,"column":68}},"7":{"start":{"line":11,"column":4},"end":{"line":25,"column":5}},"8":{"start":{"line":12,"column":6},"end":{"line":24,"column":8}},"9":{"start":{"line":27,"column":4},"end":{"line":27,"column":72}},"10":{"start":{"line":33,"column":2},"end":{"line":33,"column":57}},"11":{"start":{"line":33,"column":8},"end":{"line":33,"column":32}},"12":{"start":{"line":33,"column":43},"end":{"line":33,"column":55}},"13":{"start":{"line":37,"column":2},"end":{"line":37,"column":62}},"14":{"start":{"line":37,"column":25},"end":{"line":37,"column":62}},"15":{"start":{"line":41,"column":2},"end":{"line":41,"column":78}},"16":{"start":{"line":45,"column":12},"end":{"line":45,"column":55}},"17":{"start":{"line":47,"column":14},"end":{"line":55,"column":3}},"18":{"start":{"line":56,"column":2},"end":{"line":56,"column":13}},"19":{"start":{"line":60,"column":2},"end":{"line":60,"column":59}},"20":{"start":{"line":60,"column":45},"end":{"line":60,"column":59}},"21":{"start":{"line":61,"column":2},"end":{"line":61,"column":48}},"22":{"start":{"line":61,"column":24},"end":{"line":61,"column":48}},"23":{"start":{"line":63,"column":18},"end":{"line":79,"column":4}},"24":{"start":{"line":65,"column":18},"end":{"line":65,"column":27}},"25":{"start":{"line":67,"column":6},"end":{"line":67,"column":44}},"26":{"start":{"line":70,"column":6},"end":{"line":70,"column":24}},"27":{"start":{"line":71,"column":6},"end":{"line":71,"column":17}},"28":{"start":{"line":72,"column":6},"end":{"line":72,"column":18}},"29":{"start":{"line":75,"column":6},"end":{"line":75,"column":23}},"30":{"start":{"line":76,"column":6},"end":{"line":76,"column":17}},"31":{"start":{"line":77,"column":6},"end":{"line":77,"column":18}},"32":{"start":{"line":81,"column":2},"end":{"line":81,"column":28}},"33":{"start":{"line":82,"column":2},"end":{"line":82,"column":17}},"34":{"start":{"line":85,"column":0},"end":{"line":155,"column":2}},"35":{"start":{"line":86,"column":19},"end":{"line":86,"column":84}},"36":{"start":{"line":87,"column":2},"end":{"line":87,"column":36}},"37":{"start":{"line":90,"column":2},"end":{"line":93,"column":3}},"38":{"start":{"line":91,"column":4},"end":{"line":91,"column":88}},"39":{"start":{"line":92,"column":4},"end":{"line":92,"column":11}},"40":{"start":{"line":96,"column":2},"end":{"line":114,"column":3}},"41":{"start":{"line":97,"column":16},"end":{"line":97,"column":64}},"42":{"start":{"line":98,"column":19},"end":{"line":98,"column":44}},"43":{"start":{"line":100,"column":14},"end":{"line":100,"column":42}},"44":{"start":{"line":103,"column":4},"end":{"line":103,"column":43}},"45":{"start":{"line":104,"column":4},"end":{"line":104,"column":34}},"46":{"start":{"line":105,"column":4},"end":{"line":105,"column":44}},"47":{"start":{"line":106,"column":4},"end":{"line":106,"column":44}},"48":{"start":{"line":107,"column":4},"end":{"line":107,"column":34}},"49":{"start":{"line":110,"column":4},"end":{"line":110,"column":99}},"50":{"start":{"line":111,"column":4},"end":{"line":113,"column":34}},"51":{"start":{"line":116,"column":18},"end":{"line":116,"column":22}},"52":{"start":{"line":118,"column":4},"end":{"line":135,"column":5}},"53":{"start":{"line":119,"column":16},"end":{"line":119,"column":50}},"54":{"start":{"line":120,"column":23},"end":{"line":128,"column":7}},"55":{"start":{"line":130,"column":18},"end":{"line":130,"column":35}},"56":{"start":{"line":131,"column":6},"end":{"line":131,"column":78}},"57":{"start":{"line":132,"column":6},"end":{"line":132,"column":35}},"58":{"start":{"line":134,"column":6},"end":{"line":134,"column":68}},"59":{"start":{"line":139,"column":4},"end":{"line":139,"column":43}},"60":{"start":{"line":139,"column":19},"end":{"line":139,"column":43}},"61":{"start":{"line":140,"column":4},"end":{"line":140,"column":40}},"62":{"start":{"line":144,"column":2},"end":{"line":144,"column":87}},"63":{"start":{"line":147,"column":2},"end":{"line":147,"column":12}},"64":{"start":{"line":150,"column":2},"end":{"line":150,"column":62}},"65":{"start":{"line":150,"column":31},"end":{"line":150,"column":41}},"66":{"start":{"line":150,"column":42},"end":{"line":150,"column":58}},"67":{"start":{"line":151,"column":2},"end":{"line":151,"column":63}},"68":{"start":{"line":151,"column":32},"end":{"line":151,"column":42}},"69":{"start":{"line":151,"column":43},"end":{"line":151,"column":59}},"70":{"start":{"line":152,"column":2},"end":{"line":152,"column":43}},"71":{"start":{"line":152,"column":29},"end":{"line":152,"column":39}},"72":{"start":{"line":154,"column":2},"end":{"line":154,"column":58}},"73":{"start":{"line":159,"column":0},"end":{"line":159,"column":13}}},"fnMap":{"0":{"name":"ensureFile","decl":{"start":{"line":7,"column":9},"end":{"line":7,"column":19}},"loc":{"start":{"line":7,"column":22},"end":{"line":29,"column":1}},"line":7},"1":{"name":"safeJsonParse","decl":{"start":{"line":32,"column":9},"end":{"line":32,"column":22}},"loc":{"start":{"line":32,"column":29},"end":{"line":34,"column":1}},"line":32},"2":{"name":"ensureDir","decl":{"start":{"line":36,"column":9},"end":{"line":36,"column":18}},"loc":{"start":{"line":36,"column":22},"end":{"line":38,"column":1}},"line":36},"3":{"name":"pick","decl":{"start":{"line":40,"column":9},"end":{"line":40,"column":13}},"loc":{"start":{"line":40,"column":34},"end":{"line":42,"column":1}},"line":40},"4":{"name":"normalizeLoadedState","decl":{"start":{"line":44,"column":9},"end":{"line":44,"column":29}},"loc":{"start":{"line":44,"column":35},"end":{"line":57,"column":1}},"line":44},"5":{"name":"deepProxy","decl":{"start":{"line":59,"column":9},"end":{"line":59,"column":18}},"loc":{"start":{"line":59,"column":59},"end":{"line":83,"column":1}},"line":59},"6":{"name":"(anonymous_6)","decl":{"start":{"line":64,"column":4},"end":{"line":64,"column":5}},"loc":{"start":{"line":64,"column":19},"end":{"line":68,"column":5}},"line":64},"7":{"name":"(anonymous_7)","decl":{"start":{"line":69,"column":4},"end":{"line":69,"column":5}},"loc":{"start":{"line":69,"column":26},"end":{"line":73,"column":5}},"line":69},"8":{"name":"(anonymous_8)","decl":{"start":{"line":74,"column":4},"end":{"line":74,"column":5}},"loc":{"start":{"line":74,"column":30},"end":{"line":78,"column":5}},"line":74},"9":{"name":"initProgressPersistence","decl":{"start":{"line":85,"column":26},"end":{"line":85,"column":49}},"loc":{"start":{"line":85,"column":64},"end":{"line":155,"column":1}},"line":85},"10":{"name":"saveNow","decl":{"start":{"line":117,"column":11},"end":{"line":117,"column":18}},"loc":{"start":{"line":117,"column":21},"end":{"line":136,"column":3}},"line":117},"11":{"name":"scheduleSave","decl":{"start":{"line":138,"column":11},"end":{"line":138,"column":23}},"loc":{"start":{"line":138,"column":26},"end":{"line":141,"column":3}},"line":138},"12":{"name":"(anonymous_12)","decl":{"start":{"line":150,"column":23},"end":{"line":150,"column":24}},"loc":{"start":{"line":150,"column":29},"end":{"line":150,"column":60}},"line":150},"13":{"name":"(anonymous_13)","decl":{"start":{"line":151,"column":24},"end":{"line":151,"column":25}},"loc":{"start":{"line":151,"column":30},"end":{"line":151,"column":61}},"line":151},"14":{"name":"(anonymous_14)","decl":{"start":{"line":152,"column":21},"end":{"line":152,"column":22}},"loc":{"start":{"line":152,"column":27},"end":{"line":152,"column":41}},"line":152}},"branchMap":{"0":{"loc":{"start":{"line":10,"column":4},"end":{"line":10,"column":68}},"type":"if","locations":[{"start":{"line":10,"column":4},"end":{"line":10,"column":68}},{"start":{},"end":{}}],"line":10},"1":{"loc":{"start":{"line":11,"column":4},"end":{"line":25,"column":5}},"type":"if","locations":[{"start":{"line":11,"column":4},"end":{"line":25,"column":5}},{"start":{},"end":{}}],"line":11},"2":{"loc":{"start":{"line":37,"column":2},"end":{"line":37,"column":62}},"type":"if","locations":[{"start":{"line":37,"column":2},"end":{"line":37,"column":62}},{"start":{},"end":{}}],"line":37},"3":{"loc":{"start":{"line":41,"column":9},"end":{"line":41,"column":77}},"type":"cond-expr","locations":[{"start":{"line":41,"column":58},"end":{"line":41,"column":66}},{"start":{"line":41,"column":69},"end":{"line":41,"column":77}}],"line":41},"4":{"loc":{"start":{"line":45,"column":12},"end":{"line":45,"column":55}},"type":"cond-expr","locations":[{"start":{"line":45,"column":47},"end":{"line":45,"column":50}},{"start":{"line":45,"column":53},"end":{"line":45,"column":55}}],"line":45},"5":{"loc":{"start":{"line":45,"column":13},"end":{"line":45,"column":43}},"type":"binary-expr","locations":[{"start":{"line":45,"column":13},"end":{"line":45,"column":16}},{"start":{"line":45,"column":20},"end":{"line":45,"column":43}}],"line":45},"6":{"loc":{"start":{"line":48,"column":11},"end":{"line":48,"column":52}},"type":"cond-expr","locations":[{"start":{"line":48,"column":41},"end":{"line":48,"column":48}},{"start":{"line":48,"column":51},"end":{"line":48,"column":52}}],"line":48},"7":{"loc":{"start":{"line":49,"column":12},"end":{"line":49,"column":55}},"type":"cond-expr","locations":[{"start":{"line":49,"column":43},"end":{"line":49,"column":51}},{"start":{"line":49,"column":54},"end":{"line":49,"column":55}}],"line":49},"8":{"loc":{"start":{"line":50,"column":17},"end":{"line":50,"column":70}},"type":"cond-expr","locations":[{"start":{"line":50,"column":53},"end":{"line":50,"column":66}},{"start":{"line":50,"column":69},"end":{"line":50,"column":70}}],"line":50},"9":{"loc":{"start":{"line":51,"column":17},"end":{"line":51,"column":70}},"type":"cond-expr","locations":[{"start":{"line":51,"column":53},"end":{"line":51,"column":66}},{"start":{"line":51,"column":69},"end":{"line":51,"column":70}}],"line":51},"10":{"loc":{"start":{"line":52,"column":12},"end":{"line":52,"column":55}},"type":"cond-expr","locations":[{"start":{"line":52,"column":43},"end":{"line":52,"column":51}},{"start":{"line":52,"column":54},"end":{"line":52,"column":55}}],"line":52},"11":{"loc":{"start":{"line":53,"column":15},"end":{"line":53,"column":60}},"type":"cond-expr","locations":[{"start":{"line":53,"column":44},"end":{"line":53,"column":55}},{"start":{"line":53,"column":58},"end":{"line":53,"column":60}}],"line":53},"12":{"loc":{"start":{"line":54,"column":21},"end":{"line":54,"column":106}},"type":"cond-expr","locations":[{"start":{"line":54,"column":84},"end":{"line":54,"column":101}},{"start":{"line":54,"column":104},"end":{"line":54,"column":106}}],"line":54},"13":{"loc":{"start":{"line":54,"column":22},"end":{"line":54,"column":80}},"type":"binary-expr","locations":[{"start":{"line":54,"column":22},"end":{"line":54,"column":39}},{"start":{"line":54,"column":43},"end":{"line":54,"column":80}}],"line":54},"14":{"loc":{"start":{"line":59,"column":37},"end":{"line":59,"column":57}},"type":"default-arg","locations":[{"start":{"line":59,"column":44},"end":{"line":59,"column":57}}],"line":59},"15":{"loc":{"start":{"line":60,"column":2},"end":{"line":60,"column":59}},"type":"if","locations":[{"start":{"line":60,"column":2},"end":{"line":60,"column":59}},{"start":{},"end":{}}],"line":60},"16":{"loc":{"start":{"line":60,"column":6},"end":{"line":60,"column":43}},"type":"binary-expr","locations":[{"start":{"line":60,"column":6},"end":{"line":60,"column":13}},{"start":{"line":60,"column":17},"end":{"line":60,"column":43}}],"line":60},"17":{"loc":{"start":{"line":61,"column":2},"end":{"line":61,"column":48}},"type":"if","locations":[{"start":{"line":61,"column":2},"end":{"line":61,"column":48}},{"start":{},"end":{}}],"line":61},"18":{"loc":{"start":{"line":85,"column":50},"end":{"line":85,"column":62}},"type":"default-arg","locations":[{"start":{"line":85,"column":60},"end":{"line":85,"column":62}}],"line":85},"19":{"loc":{"start":{"line":86,"column":19},"end":{"line":86,"column":84}},"type":"binary-expr","locations":[{"start":{"line":86,"column":19},"end":{"line":86,"column":35}},{"start":{"line":86,"column":39},"end":{"line":86,"column":84}}],"line":86},"20":{"loc":{"start":{"line":90,"column":2},"end":{"line":93,"column":3}},"type":"if","locations":[{"start":{"line":90,"column":2},"end":{"line":93,"column":3}},{"start":{},"end":{}}],"line":90},"21":{"loc":{"start":{"line":96,"column":2},"end":{"line":114,"column":3}},"type":"if","locations":[{"start":{"line":96,"column":2},"end":{"line":114,"column":3}},{"start":{},"end":{}}],"line":96},"22":{"loc":{"start":{"line":103,"column":14},"end":{"line":103,"column":42}},"type":"binary-expr","locations":[{"start":{"line":103,"column":14},"end":{"line":103,"column":26}},{"start":{"line":103,"column":30},"end":{"line":103,"column":37}},{"start":{"line":103,"column":41},"end":{"line":103,"column":42}}],"line":103},"23":{"loc":{"start":{"line":104,"column":15},"end":{"line":104,"column":33}},"type":"binary-expr","locations":[{"start":{"line":104,"column":15},"end":{"line":104,"column":28}},{"start":{"line":104,"column":32},"end":{"line":104,"column":33}}],"line":104},"24":{"loc":{"start":{"line":105,"column":20},"end":{"line":105,"column":43}},"type":"binary-expr","locations":[{"start":{"line":105,"column":20},"end":{"line":105,"column":38}},{"start":{"line":105,"column":42},"end":{"line":105,"column":43}}],"line":105},"25":{"loc":{"start":{"line":106,"column":20},"end":{"line":106,"column":43}},"type":"binary-expr","locations":[{"start":{"line":106,"column":20},"end":{"line":106,"column":38}},{"start":{"line":106,"column":42},"end":{"line":106,"column":43}}],"line":106},"26":{"loc":{"start":{"line":107,"column":15},"end":{"line":107,"column":33}},"type":"binary-expr","locations":[{"start":{"line":107,"column":15},"end":{"line":107,"column":28}},{"start":{"line":107,"column":32},"end":{"line":107,"column":33}}],"line":107},"27":{"loc":{"start":{"line":110,"column":18},"end":{"line":110,"column":98}},"type":"cond-expr","locations":[{"start":{"line":110,"column":52},"end":{"line":110,"column":76}},{"start":{"line":110,"column":80},"end":{"line":110,"column":97}}],"line":110},"28":{"loc":{"start":{"line":110,"column":80},"end":{"line":110,"column":97}},"type":"binary-expr","locations":[{"start":{"line":110,"column":80},"end":{"line":110,"column":91}},{"start":{"line":110,"column":95},"end":{"line":110,"column":97}}],"line":110},"29":{"loc":{"start":{"line":111,"column":24},"end":{"line":113,"column":33}},"type":"cond-expr","locations":[{"start":{"line":112,"column":8},"end":{"line":112,"column":37}},{"start":{"line":113,"column":9},"end":{"line":113,"column":32}}],"line":111},"30":{"loc":{"start":{"line":111,"column":25},"end":{"line":111,"column":93}},"type":"binary-expr","locations":[{"start":{"line":111,"column":25},"end":{"line":111,"column":47}},{"start":{"line":111,"column":51},"end":{"line":111,"column":93}}],"line":111},"31":{"loc":{"start":{"line":113,"column":9},"end":{"line":113,"column":32}},"type":"binary-expr","locations":[{"start":{"line":113,"column":9},"end":{"line":113,"column":26}},{"start":{"line":113,"column":30},"end":{"line":113,"column":32}}],"line":113},"32":{"loc":{"start":{"line":119,"column":16},"end":{"line":119,"column":50}},"type":"binary-expr","locations":[{"start":{"line":119,"column":16},"end":{"line":119,"column":44}},{"start":{"line":119,"column":48},"end":{"line":119,"column":50}}],"line":119},"33":{"loc":{"start":{"line":121,"column":15},"end":{"line":121,"column":27}},"type":"binary-expr","locations":[{"start":{"line":121,"column":15},"end":{"line":121,"column":22}},{"start":{"line":121,"column":26},"end":{"line":121,"column":27}}],"line":121},"34":{"loc":{"start":{"line":122,"column":16},"end":{"line":122,"column":29}},"type":"binary-expr","locations":[{"start":{"line":122,"column":16},"end":{"line":122,"column":24}},{"start":{"line":122,"column":28},"end":{"line":122,"column":29}}],"line":122},"35":{"loc":{"start":{"line":123,"column":21},"end":{"line":123,"column":39}},"type":"binary-expr","locations":[{"start":{"line":123,"column":21},"end":{"line":123,"column":34}},{"start":{"line":123,"column":38},"end":{"line":123,"column":39}}],"line":123},"36":{"loc":{"start":{"line":124,"column":21},"end":{"line":124,"column":39}},"type":"binary-expr","locations":[{"start":{"line":124,"column":21},"end":{"line":124,"column":34}},{"start":{"line":124,"column":38},"end":{"line":124,"column":39}}],"line":124},"37":{"loc":{"start":{"line":125,"column":16},"end":{"line":125,"column":29}},"type":"binary-expr","locations":[{"start":{"line":125,"column":16},"end":{"line":125,"column":24}},{"start":{"line":125,"column":28},"end":{"line":125,"column":29}}],"line":125},"38":{"loc":{"start":{"line":126,"column":19},"end":{"line":126,"column":64}},"type":"cond-expr","locations":[{"start":{"line":126,"column":48},"end":{"line":126,"column":59}},{"start":{"line":126,"column":62},"end":{"line":126,"column":64}}],"line":126},"39":{"loc":{"start":{"line":127,"column":25},"end":{"line":127,"column":110}},"type":"cond-expr","locations":[{"start":{"line":127,"column":88},"end":{"line":127,"column":105}},{"start":{"line":127,"column":108},"end":{"line":127,"column":110}}],"line":127},"40":{"loc":{"start":{"line":127,"column":26},"end":{"line":127,"column":84}},"type":"binary-expr","locations":[{"start":{"line":127,"column":26},"end":{"line":127,"column":43}},{"start":{"line":127,"column":47},"end":{"line":127,"column":84}}],"line":127},"41":{"loc":{"start":{"line":139,"column":4},"end":{"line":139,"column":43}},"type":"if","locations":[{"start":{"line":139,"column":4},"end":{"line":139,"column":43}},{"start":{},"end":{}}],"line":139}},"s":{"0":1,"1":1,"2":1,"3":1,"4":1,"5":1,"6":0,"7":1,"8":0,"9":0,"10":1,"11":1,"12":0,"13":1,"14":0,"15":0,"16":1,"17":1,"18":1,"19":19,"20":13,"21":6,"22":3,"23":3,"24":18,"25":18,"26":0,"27":0,"28":0,"29":0,"30":0,"31":0,"32":3,"33":3,"34":1,"35":1,"36":1,"37":1,"38":0,"39":0,"40":1,"41":1,"42":1,"43":1,"44":1,"45":1,"46":1,"47":1,"48":1,"49":1,"50":1,"51":1,"52":1,"53":1,"54":1,"55":1,"56":1,"57":1,"58":0,"59":0,"60":0,"61":0,"62":1,"63":1,"64":1,"65":0,"66":0,"67":1,"68":0,"69":0,"70":1,"71":0,"72":1,"73":1},"f":{"0":1,"1":1,"2":1,"3":0,"4":1,"5":19,"6":18,"7":0,"8":0,"9":1,"10":1,"11":0,"12":0,"13":0,"14":0},"b":{"0":[0,1],"1":[0,1],"2":[0,1],"3":[0,0],"4":[1,0],"5":[1,1],"6":[1,0],"7":[1,0],"8":[1,0],"9":[1,0],"10":[1,0],"11":[1,0],"12":[1,0],"13":[1,1],"14":[1],"15":[13,6],"16":[19,16],"17":[3,3],"18":[1],"19":[1,1],"20":[0,1],"21":[1,0],"22":[1,0,0],"23":[1,0],"24":[1,0],"25":[1,0],"26":[1,0],"27":[1,0],"28":[0,0],"29":[1,0],"30":[1,1],"31":[0,0],"32":[1,0],"33":[1,0],"34":[1,0],"35":[1,0],"36":[1,0],"37":[1,0],"38":[1,0],"39":[1,0],"40":[1,1],"41":[0,0]},"inputSourceMap":null,"_coverageSchema":"1a1c01bbd47fc00a2c39e90264f33305004495a9","hash":"03eb9ca3f0b7f9de0021bd81fcd055a153e8e835"}
,"C:\\Projects\\MindLab_Starter_Project\\backend\\src\\progressRoutes.cjs": {"path":"C:\\Projects\\MindLab_Starter_Project\\backend\\src\\progressRoutes.cjs","statementMap":{"0":{"start":{"line":4,"column":11},"end":{"line":4,"column":24}},"1":{"start":{"line":5,"column":13},"end":{"line":5,"column":28}},"2":{"start":{"line":7,"column":0},"end":{"line":200,"column":2}},"3":{"start":{"line":9,"column":2},"end":{"line":18,"column":3}},"4":{"start":{"line":10,"column":4},"end":{"line":17,"column":6}},"5":{"start":{"line":22,"column":23},"end":{"line":28,"column":5}},"6":{"start":{"line":30,"column":4},"end":{"line":47,"column":5}},"7":{"start":{"line":31,"column":6},"end":{"line":46,"column":7}},"8":{"start":{"line":32,"column":8},"end":{"line":32,"column":40}},"9":{"start":{"line":32,"column":31},"end":{"line":32,"column":40}},"10":{"start":{"line":33,"column":20},"end":{"line":33,"column":46}},"11":{"start":{"line":34,"column":21},"end":{"line":34,"column":36}},"12":{"start":{"line":37,"column":24},"end":{"line":41,"column":14}},"13":{"start":{"line":43,"column":8},"end":{"line":43,"column":58}},"14":{"start":{"line":43,"column":36},"end":{"line":43,"column":58}},"15":{"start":{"line":50,"column":4},"end":{"line":50,"column":13}},"16":{"start":{"line":54,"column":14},"end":{"line":54,"column":42}},"17":{"start":{"line":56,"column":2},"end":{"line":56,"column":43}},"18":{"start":{"line":56,"column":24},"end":{"line":56,"column":43}},"19":{"start":{"line":58,"column":26},"end":{"line":58,"column":44}},"20":{"start":{"line":59,"column":4},"end":{"line":59,"column":68}},"21":{"start":{"line":61,"column":4},"end":{"line":61,"column":51}},"22":{"start":{"line":61,"column":38},"end":{"line":61,"column":51}},"23":{"start":{"line":63,"column":4},"end":{"line":63,"column":33}},"24":{"start":{"line":63,"column":21},"end":{"line":63,"column":33}},"25":{"start":{"line":64,"column":4},"end":{"line":64,"column":35}},"26":{"start":{"line":64,"column":22},"end":{"line":64,"column":35}},"27":{"start":{"line":65,"column":4},"end":{"line":65,"column":47}},"28":{"start":{"line":65,"column":28},"end":{"line":65,"column":47}},"29":{"start":{"line":67,"column":4},"end":{"line":67,"column":61}},"30":{"start":{"line":67,"column":43},"end":{"line":67,"column":61}},"31":{"start":{"line":68,"column":4},"end":{"line":68,"column":61}},"32":{"start":{"line":68,"column":43},"end":{"line":68,"column":61}},"33":{"start":{"line":69,"column":4},"end":{"line":69,"column":51}},"34":{"start":{"line":69,"column":38},"end":{"line":69,"column":51}},"35":{"start":{"line":70,"column":4},"end":{"line":70,"column":68}},"36":{"start":{"line":70,"column":46},"end":{"line":70,"column":68}},"37":{"start":{"line":71,"column":4},"end":{"line":73,"column":5}},"38":{"start":{"line":72,"column":6},"end":{"line":72,"column":29}},"39":{"start":{"line":77,"column":14},"end":{"line":77,"column":42}},"40":{"start":{"line":78,"column":4},"end":{"line":78,"column":48}},"41":{"start":{"line":82,"column":4},"end":{"line":147,"column":5}},"42":{"start":{"line":83,"column":6},"end":{"line":83,"column":22}},"43":{"start":{"line":84,"column":16},"end":{"line":84,"column":44}},"44":{"start":{"line":86,"column":19},"end":{"line":86,"column":33}},"45":{"start":{"line":87,"column":23},"end":{"line":87,"column":70}},"46":{"start":{"line":90,"column":6},"end":{"line":129,"column":7}},"47":{"start":{"line":91,"column":8},"end":{"line":91,"column":43}},"48":{"start":{"line":92,"column":8},"end":{"line":92,"column":51}},"49":{"start":{"line":94,"column":17},"end":{"line":94,"column":50}},"50":{"start":{"line":94,"column":24},"end":{"line":94,"column":50}},"51":{"start":{"line":95,"column":16},"end":{"line":95,"column":26}},"52":{"start":{"line":96,"column":18},"end":{"line":96,"column":91}},"53":{"start":{"line":99,"column":14},"end":{"line":99,"column":27}},"54":{"start":{"line":100,"column":4},"end":{"line":100,"column":33}},"55":{"start":{"line":101,"column":22},"end":{"line":101,"column":89}},"56":{"start":{"line":104,"column":4},"end":{"line":119,"column":5}},"57":{"start":{"line":105,"column":6},"end":{"line":105,"column":24}},"58":{"start":{"line":107,"column":6},"end":{"line":116,"column":7}},"59":{"start":{"line":109,"column":8},"end":{"line":109,"column":21}},"60":{"start":{"line":110,"column":13},"end":{"line":116,"column":7}},"61":{"start":{"line":112,"column":8},"end":{"line":112,"column":69}},"62":{"start":{"line":115,"column":8},"end":{"line":115,"column":21}},"63":{"start":{"line":118,"column":6},"end":{"line":118,"column":31}},"64":{"start":{"line":122,"column":8},"end":{"line":122,"column":27}},"65":{"start":{"line":123,"column":8},"end":{"line":123,"column":27}},"66":{"start":{"line":124,"column":13},"end":{"line":129,"column":7}},"67":{"start":{"line":126,"column":8},"end":{"line":126,"column":51}},"68":{"start":{"line":127,"column":8},"end":{"line":127,"column":27}},"69":{"start":{"line":128,"column":8},"end":{"line":128,"column":27}},"70":{"start":{"line":131,"column":6},"end":{"line":131,"column":22}},"71":{"start":{"line":133,"column":6},"end":{"line":144,"column":9}},"72":{"start":{"line":146,"column":6},"end":{"line":146,"column":67}},"73":{"start":{"line":151,"column":2},"end":{"line":160,"column":5}},"74":{"start":{"line":152,"column":4},"end":{"line":152,"column":20}},"75":{"start":{"line":153,"column":14},"end":{"line":153,"column":42}},"76":{"start":{"line":154,"column":4},"end":{"line":159,"column":7}},"77":{"start":{"line":163,"column":2},"end":{"line":163,"column":63}},"78":{"start":{"line":163,"column":44},"end":{"line":163,"column":61}},"79":{"start":{"line":166,"column":2},"end":{"line":181,"column":5}},"80":{"start":{"line":167,"column":4},"end":{"line":167,"column":20}},"81":{"start":{"line":168,"column":14},"end":{"line":168,"column":42}},"82":{"start":{"line":170,"column":17},"end":{"line":170,"column":31}},"83":{"start":{"line":171,"column":4},"end":{"line":173,"column":5}},"84":{"start":{"line":172,"column":6},"end":{"line":172,"column":49}},"85":{"start":{"line":175,"column":4},"end":{"line":175,"column":20}},"86":{"start":{"line":176,"column":4},"end":{"line":180,"column":7}},"87":{"start":{"line":184,"column":2},"end":{"line":199,"column":5}},"88":{"start":{"line":185,"column":14},"end":{"line":185,"column":42}},"89":{"start":{"line":186,"column":4},"end":{"line":186,"column":17}},"90":{"start":{"line":187,"column":4},"end":{"line":187,"column":22}},"91":{"start":{"line":188,"column":4},"end":{"line":188,"column":22}},"92":{"start":{"line":189,"column":4},"end":{"line":189,"column":17}},"93":{"start":{"line":190,"column":4},"end":{"line":190,"column":23}},"94":{"start":{"line":190,"column":20},"end":{"line":190,"column":23}},"95":{"start":{"line":191,"column":4},"end":{"line":191,"column":27}},"96":{"start":{"line":192,"column":4},"end":{"line":192,"column":20}},"97":{"start":{"line":193,"column":4},"end":{"line":198,"column":7}}},"fnMap":{"0":{"name":"(anonymous_0)","decl":{"start":{"line":7,"column":17},"end":{"line":7,"column":18}},"loc":{"start":{"line":7,"column":32},"end":{"line":200,"column":1}},"line":7},"1":{"name":"readPuzzlesCount","decl":{"start":{"line":20,"column":11},"end":{"line":20,"column":27}},"loc":{"start":{"line":20,"column":30},"end":{"line":51,"column":3}},"line":20},"2":{"name":"clampProgress","decl":{"start":{"line":53,"column":11},"end":{"line":53,"column":24}},"loc":{"start":{"line":53,"column":27},"end":{"line":74,"column":3}},"line":53},"3":{"name":"solvedIdsArray","decl":{"start":{"line":76,"column":11},"end":{"line":76,"column":25}},"loc":{"start":{"line":76,"column":28},"end":{"line":79,"column":3}},"line":76},"4":{"name":"doSolve","decl":{"start":{"line":81,"column":11},"end":{"line":81,"column":18}},"loc":{"start":{"line":81,"column":29},"end":{"line":148,"column":3}},"line":81},"5":{"name":"(anonymous_5)","decl":{"start":{"line":94,"column":17},"end":{"line":94,"column":18}},"loc":{"start":{"line":94,"column":24},"end":{"line":94,"column":50}},"line":94},"6":{"name":"(anonymous_6)","decl":{"start":{"line":151,"column":23},"end":{"line":151,"column":24}},"loc":{"start":{"line":151,"column":38},"end":{"line":160,"column":3}},"line":151},"7":{"name":"(anonymous_7)","decl":{"start":{"line":163,"column":30},"end":{"line":163,"column":31}},"loc":{"start":{"line":163,"column":44},"end":{"line":163,"column":61}},"line":163},"8":{"name":"(anonymous_8)","decl":{"start":{"line":166,"column":24},"end":{"line":166,"column":25}},"loc":{"start":{"line":166,"column":38},"end":{"line":181,"column":3}},"line":166},"9":{"name":"(anonymous_9)","decl":{"start":{"line":184,"column":30},"end":{"line":184,"column":31}},"loc":{"start":{"line":184,"column":45},"end":{"line":199,"column":3}},"line":184}},"branchMap":{"0":{"loc":{"start":{"line":9,"column":2},"end":{"line":18,"column":3}},"type":"if","locations":[{"start":{"line":9,"column":2},"end":{"line":18,"column":3}},{"start":{},"end":{}}],"line":9},"1":{"loc":{"start":{"line":32,"column":8},"end":{"line":32,"column":40}},"type":"if","locations":[{"start":{"line":32,"column":8},"end":{"line":32,"column":40}},{"start":{},"end":{}}],"line":32},"2":{"loc":{"start":{"line":37,"column":24},"end":{"line":41,"column":14}},"type":"cond-expr","locations":[{"start":{"line":38,"column":12},"end":{"line":38,"column":16}},{"start":{"line":39,"column":12},"end":{"line":41,"column":14}}],"line":37},"3":{"loc":{"start":{"line":39,"column":12},"end":{"line":41,"column":14}},"type":"cond-expr","locations":[{"start":{"line":40,"column":12},"end":{"line":40,"column":24}},{"start":{"line":41,"column":12},"end":{"line":41,"column":14}}],"line":39},"4":{"loc":{"start":{"line":43,"column":8},"end":{"line":43,"column":58}},"type":"if","locations":[{"start":{"line":43,"column":8},"end":{"line":43,"column":58}},{"start":{},"end":{}}],"line":43},"5":{"loc":{"start":{"line":56,"column":2},"end":{"line":56,"column":43}},"type":"if","locations":[{"start":{"line":56,"column":2},"end":{"line":56,"column":43}},{"start":{},"end":{}}],"line":56},"6":{"loc":{"start":{"line":59,"column":14},"end":{"line":59,"column":67}},"type":"cond-expr","locations":[{"start":{"line":59,"column":50},"end":{"line":59,"column":63}},{"start":{"line":59,"column":66},"end":{"line":59,"column":67}}],"line":59},"7":{"loc":{"start":{"line":61,"column":4},"end":{"line":61,"column":51}},"type":"if","locations":[{"start":{"line":61,"column":4},"end":{"line":61,"column":51}},{"start":{},"end":{}}],"line":61},"8":{"loc":{"start":{"line":63,"column":4},"end":{"line":63,"column":33}},"type":"if","locations":[{"start":{"line":63,"column":4},"end":{"line":63,"column":33}},{"start":{},"end":{}}],"line":63},"9":{"loc":{"start":{"line":64,"column":4},"end":{"line":64,"column":35}},"type":"if","locations":[{"start":{"line":64,"column":4},"end":{"line":64,"column":35}},{"start":{},"end":{}}],"line":64},"10":{"loc":{"start":{"line":65,"column":4},"end":{"line":65,"column":47}},"type":"if","locations":[{"start":{"line":65,"column":4},"end":{"line":65,"column":47}},{"start":{},"end":{}}],"line":65},"11":{"loc":{"start":{"line":67,"column":4},"end":{"line":67,"column":61}},"type":"if","locations":[{"start":{"line":67,"column":4},"end":{"line":67,"column":61}},{"start":{},"end":{}}],"line":67},"12":{"loc":{"start":{"line":68,"column":4},"end":{"line":68,"column":61}},"type":"if","locations":[{"start":{"line":68,"column":4},"end":{"line":68,"column":61}},{"start":{},"end":{}}],"line":68},"13":{"loc":{"start":{"line":69,"column":4},"end":{"line":69,"column":51}},"type":"if","locations":[{"start":{"line":69,"column":4},"end":{"line":69,"column":51}},{"start":{},"end":{}}],"line":69},"14":{"loc":{"start":{"line":70,"column":4},"end":{"line":70,"column":68}},"type":"if","locations":[{"start":{"line":70,"column":4},"end":{"line":70,"column":68}},{"start":{},"end":{}}],"line":70},"15":{"loc":{"start":{"line":71,"column":4},"end":{"line":73,"column":5}},"type":"if","locations":[{"start":{"line":71,"column":4},"end":{"line":73,"column":5}},{"start":{},"end":{}}],"line":71},"16":{"loc":{"start":{"line":71,"column":8},"end":{"line":71,"column":67}},"type":"binary-expr","locations":[{"start":{"line":71,"column":8},"end":{"line":71,"column":26}},{"start":{"line":71,"column":30},"end":{"line":71,"column":67}}],"line":71},"17":{"loc":{"start":{"line":78,"column":23},"end":{"line":78,"column":46}},"type":"binary-expr","locations":[{"start":{"line":78,"column":23},"end":{"line":78,"column":40}},{"start":{"line":78,"column":44},"end":{"line":78,"column":46}}],"line":78},"18":{"loc":{"start":{"line":86,"column":19},"end":{"line":86,"column":33}},"type":"binary-expr","locations":[{"start":{"line":86,"column":19},"end":{"line":86,"column":27}},{"start":{"line":86,"column":31},"end":{"line":86,"column":33}}],"line":86},"19":{"loc":{"start":{"line":87,"column":23},"end":{"line":87,"column":70}},"type":"binary-expr","locations":[{"start":{"line":87,"column":23},"end":{"line":87,"column":36}},{"start":{"line":87,"column":40},"end":{"line":87,"column":47}},{"start":{"line":87,"column":51},"end":{"line":87,"column":62}},{"start":{"line":87,"column":66},"end":{"line":87,"column":70}}],"line":87},"20":{"loc":{"start":{"line":90,"column":6},"end":{"line":129,"column":7}},"type":"if","locations":[{"start":{"line":90,"column":6},"end":{"line":129,"column":7}},{"start":{"line":124,"column":13},"end":{"line":129,"column":7}}],"line":90},"21":{"loc":{"start":{"line":90,"column":10},"end":{"line":90,"column":50}},"type":"binary-expr","locations":[{"start":{"line":90,"column":10},"end":{"line":90,"column":18}},{"start":{"line":90,"column":22},"end":{"line":90,"column":50}}],"line":90},"22":{"loc":{"start":{"line":104,"column":4},"end":{"line":119,"column":5}},"type":"if","locations":[{"start":{"line":104,"column":4},"end":{"line":119,"column":5}},{"start":{},"end":{}}],"line":104},"23":{"loc":{"start":{"line":107,"column":6},"end":{"line":116,"column":7}},"type":"if","locations":[{"start":{"line":107,"column":6},"end":{"line":116,"column":7}},{"start":{"line":110,"column":13},"end":{"line":116,"column":7}}],"line":107},"24":{"loc":{"start":{"line":110,"column":13},"end":{"line":116,"column":7}},"type":"if","locations":[{"start":{"line":110,"column":13},"end":{"line":116,"column":7}},{"start":{"line":113,"column":13},"end":{"line":116,"column":7}}],"line":110},"25":{"loc":{"start":{"line":112,"column":20},"end":{"line":112,"column":63}},"type":"cond-expr","locations":[{"start":{"line":112,"column":51},"end":{"line":112,"column":59}},{"start":{"line":112,"column":62},"end":{"line":112,"column":63}}],"line":112},"26":{"loc":{"start":{"line":124,"column":13},"end":{"line":129,"column":7}},"type":"if","locations":[{"start":{"line":124,"column":13},"end":{"line":129,"column":7}},{"start":{},"end":{}}],"line":124},"27":{"loc":{"start":{"line":170,"column":17},"end":{"line":170,"column":31}},"type":"binary-expr","locations":[{"start":{"line":170,"column":17},"end":{"line":170,"column":25}},{"start":{"line":170,"column":29},"end":{"line":170,"column":31}}],"line":170},"28":{"loc":{"start":{"line":171,"column":4},"end":{"line":173,"column":5}},"type":"if","locations":[{"start":{"line":171,"column":4},"end":{"line":173,"column":5}},{"start":{},"end":{}}],"line":171}},"s":{"0":2,"1":2,"2":2,"3":1,"4":1,"5":0,"6":0,"7":0,"8":0,"9":0,"10":0,"11":0,"12":0,"13":0,"14":0,"15":0,"16":0,"17":0,"18":0,"19":0,"20":0,"21":0,"22":0,"23":0,"24":0,"25":0,"26":0,"27":0,"28":0,"29":0,"30":0,"31":0,"32":0,"33":0,"34":0,"35":0,"36":0,"37":0,"38":0,"39":0,"40":0,"41":0,"42":0,"43":0,"44":0,"45":0,"46":0,"47":0,"48":0,"49":0,"50":0,"51":0,"52":0,"53":0,"54":0,"55":0,"56":0,"57":0,"58":0,"59":0,"60":0,"61":0,"62":0,"63":0,"64":0,"65":0,"66":0,"67":0,"68":0,"69":0,"70":0,"71":0,"72":0,"73":1,"74":0,"75":0,"76":0,"77":1,"78":0,"79":1,"80":0,"81":0,"82":0,"83":0,"84":0,"85":0,"86":0,"87":1,"88":0,"89":0,"90":0,"91":0,"92":0,"93":0,"94":0,"95":0,"96":0,"97":0},"f":{"0":1,"1":0,"2":0,"3":0,"4":0,"5":0,"6":0,"7":0,"8":0,"9":0},"b":{"0":[1,0],"1":[0,0],"2":[0,0],"3":[0,0],"4":[0,0],"5":[0,0],"6":[0,0],"7":[0,0],"8":[0,0],"9":[0,0],"10":[0,0],"11":[0,0],"12":[0,0],"13":[0,0],"14":[0,0],"15":[0,0],"16":[0,0],"17":[0,0],"18":[0,0],"19":[0,0,0,0],"20":[0,0],"21":[0,0],"22":[0,0],"23":[0,0],"24":[0,0],"25":[0,0],"26":[0,0],"27":[0,0],"28":[0,0]},"inputSourceMap":null,"_coverageSchema":"1a1c01bbd47fc00a2c39e90264f33305004495a9","hash":"b19ea3c263eae339d1e6fd71495dc6650bc503a1"}
,"C:\\Projects\\MindLab_Starter_Project\\backend\\src\\puzzlesRoutes.cjs": {"path":"C:\\Projects\\MindLab_Starter_Project\\backend\\src\\puzzlesRoutes.cjs","statementMap":{"0":{"start":{"line":1,"column":11},"end":{"line":1,"column":24}},"1":{"start":{"line":2,"column":13},"end":{"line":2,"column":28}},"2":{"start":{"line":5,"column":14},"end":{"line":5,"column":40}},"3":{"start":{"line":6,"column":2},"end":{"line":6,"column":25}},"4":{"start":{"line":10,"column":2},"end":{"line":10,"column":49}},"5":{"start":{"line":14,"column":19},"end":{"line":14,"column":72}},"6":{"start":{"line":15,"column":2},"end":{"line":17,"column":3}},"7":{"start":{"line":16,"column":4},"end":{"line":16,"column":35}},"8":{"start":{"line":18,"column":15},"end":{"line":18,"column":37}},"9":{"start":{"line":19,"column":17},"end":{"line":19,"column":118}},"10":{"start":{"line":19,"column":67},"end":{"line":19,"column":90}},"11":{"start":{"line":20,"column":14},"end":{"line":20,"column":70}},"12":{"start":{"line":21,"column":14},"end":{"line":21,"column":60}},"13":{"start":{"line":22,"column":2},"end":{"line":22,"column":50}},"14":{"start":{"line":26,"column":2},"end":{"line":78,"column":5}},"15":{"start":{"line":27,"column":4},"end":{"line":77,"column":5}},"16":{"start":{"line":28,"column":24},"end":{"line":28,"column":65}},"17":{"start":{"line":29,"column":22},"end":{"line":29,"column":82}},"18":{"start":{"line":32,"column":25},"end":{"line":35,"column":7}},"19":{"start":{"line":37,"column":18},"end":{"line":37,"column":22}},"20":{"start":{"line":38,"column":6},"end":{"line":40,"column":7}},"21":{"start":{"line":39,"column":8},"end":{"line":39,"column":51}},"22":{"start":{"line":39,"column":32},"end":{"line":39,"column":42}},"23":{"start":{"line":39,"column":43},"end":{"line":39,"column":49}},"24":{"start":{"line":42,"column":20},"end":{"line":42,"column":22}},"25":{"start":{"line":43,"column":6},"end":{"line":51,"column":7}},"26":{"start":{"line":44,"column":21},"end":{"line":44,"column":40}},"27":{"start":{"line":45,"column":8},"end":{"line":45,"column":97}},"28":{"start":{"line":47,"column":8},"end":{"line":50,"column":10}},"29":{"start":{"line":54,"column":17},"end":{"line":54,"column":36}},"30":{"start":{"line":55,"column":6},"end":{"line":57,"column":7}},"31":{"start":{"line":56,"column":8},"end":{"line":56,"column":97}},"32":{"start":{"line":60,"column":6},"end":{"line":62,"column":7}},"33":{"start":{"line":61,"column":8},"end":{"line":61,"column":112}},"34":{"start":{"line":65,"column":23},"end":{"line":69,"column":8}},"35":{"start":{"line":66,"column":20},"end":{"line":66,"column":32}},"36":{"start":{"line":67,"column":18},"end":{"line":67,"column":61}},"37":{"start":{"line":68,"column":8},"end":{"line":68,"column":39}},"38":{"start":{"line":72,"column":18},"end":{"line":72,"column":87}},"39":{"start":{"line":72,"column":60},"end":{"line":72,"column":86}},"40":{"start":{"line":74,"column":6},"end":{"line":74,"column":39}},"41":{"start":{"line":76,"column":6},"end":{"line":76,"column":91}},"42":{"start":{"line":81,"column":0},"end":{"line":81,"column":39}}},"fnMap":{"0":{"name":"readJsonSafe","decl":{"start":{"line":4,"column":9},"end":{"line":4,"column":21}},"loc":{"start":{"line":4,"column":25},"end":{"line":7,"column":1}},"line":4},"1":{"name":"normalizeDifficulty","decl":{"start":{"line":9,"column":9},"end":{"line":9,"column":28}},"loc":{"start":{"line":9,"column":32},"end":{"line":11,"column":1}},"line":9},"2":{"name":"loadDifficultyMap","decl":{"start":{"line":13,"column":9},"end":{"line":13,"column":26}},"loc":{"start":{"line":13,"column":29},"end":{"line":23,"column":1}},"line":13},"3":{"name":"(anonymous_3)","decl":{"start":{"line":19,"column":62},"end":{"line":19,"column":63}},"loc":{"start":{"line":19,"column":67},"end":{"line":19,"column":90}},"line":19},"4":{"name":"registerPuzzlesRoutes","decl":{"start":{"line":25,"column":9},"end":{"line":25,"column":30}},"loc":{"start":{"line":25,"column":36},"end":{"line":79,"column":1}},"line":25},"5":{"name":"(anonymous_5)","decl":{"start":{"line":26,"column":22},"end":{"line":26,"column":23}},"loc":{"start":{"line":26,"column":36},"end":{"line":78,"column":3}},"line":26},"6":{"name":"(anonymous_6)","decl":{"start":{"line":65,"column":35},"end":{"line":65,"column":36}},"loc":{"start":{"line":65,"column":40},"end":{"line":69,"column":7}},"line":65},"7":{"name":"(anonymous_7)","decl":{"start":{"line":72,"column":55},"end":{"line":72,"column":56}},"loc":{"start":{"line":72,"column":60},"end":{"line":72,"column":86}},"line":72}},"branchMap":{"0":{"loc":{"start":{"line":10,"column":16},"end":{"line":10,"column":26}},"type":"binary-expr","locations":[{"start":{"line":10,"column":16},"end":{"line":10,"column":17}},{"start":{"line":10,"column":21},"end":{"line":10,"column":26}}],"line":10},"1":{"loc":{"start":{"line":15,"column":2},"end":{"line":17,"column":3}},"type":"if","locations":[{"start":{"line":15,"column":2},"end":{"line":17,"column":3}},{"start":{},"end":{}}],"line":15},"2":{"loc":{"start":{"line":19,"column":17},"end":{"line":19,"column":118}},"type":"cond-expr","locations":[{"start":{"line":19,"column":46},"end":{"line":19,"column":91}},{"start":{"line":19,"column":94},"end":{"line":19,"column":118}}],"line":19},"3":{"loc":{"start":{"line":20,"column":14},"end":{"line":20,"column":70}},"type":"cond-expr","locations":[{"start":{"line":20,"column":57},"end":{"line":20,"column":65}},{"start":{"line":20,"column":68},"end":{"line":20,"column":70}}],"line":20},"4":{"loc":{"start":{"line":20,"column":14},"end":{"line":20,"column":54}},"type":"binary-expr","locations":[{"start":{"line":20,"column":14},"end":{"line":20,"column":22}},{"start":{"line":20,"column":26},"end":{"line":20,"column":54}}],"line":20},"5":{"loc":{"start":{"line":21,"column":21},"end":{"line":21,"column":45}},"type":"binary-expr","locations":[{"start":{"line":21,"column":21},"end":{"line":21,"column":33}},{"start":{"line":21,"column":37},"end":{"line":21,"column":45}}],"line":21},"6":{"loc":{"start":{"line":29,"column":22},"end":{"line":29,"column":82}},"type":"binary-expr","locations":[{"start":{"line":29,"column":22},"end":{"line":29,"column":41}},{"start":{"line":29,"column":45},"end":{"line":29,"column":61}},{"start":{"line":29,"column":65},"end":{"line":29,"column":82}}],"line":29},"7":{"loc":{"start":{"line":39,"column":8},"end":{"line":39,"column":51}},"type":"if","locations":[{"start":{"line":39,"column":8},"end":{"line":39,"column":51}},{"start":{},"end":{}}],"line":39},"8":{"loc":{"start":{"line":43,"column":6},"end":{"line":51,"column":7}},"type":"if","locations":[{"start":{"line":43,"column":6},"end":{"line":51,"column":7}},{"start":{"line":46,"column":13},"end":{"line":51,"column":7}}],"line":43},"9":{"loc":{"start":{"line":45,"column":18},"end":{"line":45,"column":96}},"type":"cond-expr","locations":[{"start":{"line":45,"column":40},"end":{"line":45,"column":44}},{"start":{"line":45,"column":48},"end":{"line":45,"column":95}}],"line":45},"10":{"loc":{"start":{"line":45,"column":48},"end":{"line":45,"column":95}},"type":"cond-expr","locations":[{"start":{"line":45,"column":78},"end":{"line":45,"column":90}},{"start":{"line":45,"column":93},"end":{"line":45,"column":95}}],"line":45},"11":{"loc":{"start":{"line":55,"column":6},"end":{"line":57,"column":7}},"type":"if","locations":[{"start":{"line":55,"column":6},"end":{"line":57,"column":7}},{"start":{},"end":{}}],"line":55},"12":{"loc":{"start":{"line":60,"column":6},"end":{"line":62,"column":7}},"type":"if","locations":[{"start":{"line":60,"column":6},"end":{"line":62,"column":7}},{"start":{},"end":{}}],"line":60},"13":{"loc":{"start":{"line":60,"column":10},"end":{"line":60,"column":52}},"type":"binary-expr","locations":[{"start":{"line":60,"column":10},"end":{"line":60,"column":18}},{"start":{"line":60,"column":22},"end":{"line":60,"column":52}}],"line":60},"14":{"loc":{"start":{"line":67,"column":25},"end":{"line":67,"column":46}},"type":"binary-expr","locations":[{"start":{"line":67,"column":25},"end":{"line":67,"column":36}},{"start":{"line":67,"column":40},"end":{"line":67,"column":46}}],"line":67},"15":{"loc":{"start":{"line":72,"column":18},"end":{"line":72,"column":87}},"type":"cond-expr","locations":[{"start":{"line":72,"column":28},"end":{"line":72,"column":36}},{"start":{"line":72,"column":39},"end":{"line":72,"column":87}}],"line":72}},"s":{"0":1,"1":1,"2":0,"3":0,"4":0,"5":0,"6":0,"7":0,"8":0,"9":0,"10":0,"11":0,"12":0,"13":0,"14":1,"15":0,"16":0,"17":0,"18":0,"19":0,"20":0,"21":0,"22":0,"23":0,"24":0,"25":0,"26":0,"27":0,"28":0,"29":0,"30":0,"31":0,"32":0,"33":0,"34":0,"35":0,"36":0,"37":0,"38":0,"39":0,"40":0,"41":0,"42":1},"f":{"0":0,"1":0,"2":0,"3":0,"4":1,"5":0,"6":0,"7":0},"b":{"0":[0,0],"1":[0,0],"2":[0,0],"3":[0,0],"4":[0,0],"5":[0,0],"6":[0,0,0],"7":[0,0],"8":[0,0],"9":[0,0],"10":[0,0],"11":[0,0],"12":[0,0],"13":[0,0],"14":[0,0],"15":[0,0]},"inputSourceMap":null,"_coverageSchema":"1a1c01bbd47fc00a2c39e90264f33305004495a9","hash":"d9224f08e3815e4e5e95f226d9a9ec6c8ec7fe66"}
,"C:\\Projects\\MindLab_Starter_Project\\backend\\src\\server.cjs": {"path":"C:\\Projects\\MindLab_Starter_Project\\backend\\src\\server.cjs","statementMap":{"0":{"start":{"line":1,"column":16},"end":{"line":1,"column":34}},"1":{"start":{"line":2,"column":13},"end":{"line":2,"column":28}},"2":{"start":{"line":3,"column":11},"end":{"line":3,"column":24}},"3":{"start":{"line":4,"column":13},"end":{"line":4,"column":28}},"4":{"start":{"line":6,"column":12},"end":{"line":6,"column":21}},"5":{"start":{"line":7,"column":13},"end":{"line":7,"column":37}},"6":{"start":{"line":9,"column":0},"end":{"line":9,"column":16}},"7":{"start":{"line":10,"column":0},"end":{"line":10,"column":24}},"8":{"start":{"line":15,"column":0},"end":{"line":20,"column":3}},"9":{"start":{"line":16,"column":2},"end":{"line":19,"column":5}},"10":{"start":{"line":62,"column":31},"end":{"line":62,"column":62}},"11":{"start":{"line":63,"column":30},"end":{"line":63,"column":60}},"12":{"start":{"line":64,"column":25},"end":{"line":64,"column":58}},"13":{"start":{"line":65,"column":0},"end":{"line":65,"column":28}},"14":{"start":{"line":66,"column":0},"end":{"line":66,"column":41}},"15":{"start":{"line":67,"column":0},"end":{"line":67,"column":27}},"16":{"start":{"line":70,"column":32},"end":{"line":70,"column":68}},"17":{"start":{"line":71,"column":0},"end":{"line":71,"column":26}},"18":{"start":{"line":73,"column":0},"end":{"line":77,"column":1}},"19":{"start":{"line":74,"column":2},"end":{"line":76,"column":5}},"20":{"start":{"line":75,"column":4},"end":{"line":75,"column":50}},"21":{"start":{"line":79,"column":0},"end":{"line":79,"column":21}}},"fnMap":{"0":{"name":"(anonymous_0)","decl":{"start":{"line":15,"column":19},"end":{"line":15,"column":20}},"loc":{"start":{"line":15,"column":33},"end":{"line":20,"column":1}},"line":15},"1":{"name":"(anonymous_1)","decl":{"start":{"line":74,"column":19},"end":{"line":74,"column":20}},"loc":{"start":{"line":74,"column":25},"end":{"line":76,"column":3}},"line":74}},"branchMap":{"0":{"loc":{"start":{"line":7,"column":13},"end":{"line":7,"column":37}},"type":"binary-expr","locations":[{"start":{"line":7,"column":13},"end":{"line":7,"column":29}},{"start":{"line":7,"column":33},"end":{"line":7,"column":37}}],"line":7},"1":{"loc":{"start":{"line":73,"column":0},"end":{"line":77,"column":1}},"type":"if","locations":[{"start":{"line":73,"column":0},"end":{"line":77,"column":1}},{"start":{},"end":{}}],"line":73}},"s":{"0":1,"1":1,"2":1,"3":1,"4":1,"5":1,"6":1,"7":1,"8":1,"9":1,"10":1,"11":1,"12":1,"13":1,"14":1,"15":1,"16":1,"17":1,"18":1,"19":0,"20":0,"21":1},"f":{"0":1,"1":0},"b":{"0":[1,1],"1":[0,1]},"inputSourceMap":null,"_coverageSchema":"1a1c01bbd47fc00a2c39e90264f33305004495a9","hash":"985cc567cd574d8912e4c9d03f3dd951dc15aed7"}
}
