TN:
SF:src\difficultyRoutes.cjs
FN:7,(anonymous_0)
FNF:1
FNH:0
FNDA:0,(anonymous_0)
DA:1,1
DA:2,1
DA:3,1
DA:5,1
DA:7,1
DA:8,0
DA:10,0
DA:11,0
DA:12,0
DA:15,0
DA:16,0
DA:17,0
DA:19,0
DA:27,1
LF:14
LH:6
BRDA:11,0,0,0
BRDA:11,0,1,0
BRDA:22,1,0,0
BRDA:22,1,1,0
BRDA:22,2,0,0
BRDA:22,2,1,0
BRF:6
BRH:0
end_of_record
TN:
SF:src\progressPersistence.cjs
FN:7,ensureFile
FN:32,safeJsonParse
FN:36,ensureDir
FN:40,pick
FN:44,normalizeLoadedState
FN:59,deepProxy
FN:64,(anonymous_6)
FN:69,(anonymous_7)
FN:74,(anonymous_8)
FN:85,initProgressPersistence
FN:117,saveNow
FN:138,scheduleSave
FN:150,(anonymous_12)
FN:151,(anonymous_13)
FN:152,(anonymous_14)
FNF:15
FNH:8
FNDA:1,ensureFile
FNDA:1,safeJsonParse
FNDA:1,ensureDir
FNDA:0,pick
FNDA:1,normalizeLoadedState
FNDA:19,deepProxy
FNDA:18,(anonymous_6)
FNDA:0,(anonymous_7)
FNDA:0,(anonymous_8)
FNDA:1,initProgressPersistence
FNDA:1,saveNow
FNDA:0,scheduleSave
FNDA:0,(anonymous_12)
FNDA:0,(anonymous_13)
FNDA:0,(anonymous_14)
DA:1,1
DA:2,1
DA:5,1
DA:8,1
DA:9,1
DA:10,1
DA:11,1
DA:12,0
DA:27,0
DA:33,1
DA:37,1
DA:41,0
DA:45,1
DA:47,1
DA:56,1
DA:60,19
DA:61,6
DA:63,3
DA:65,18
DA:67,18
DA:70,0
DA:71,0
DA:72,0
DA:75,0
DA:76,0
DA:77,0
DA:81,3
DA:82,3
DA:85,1
DA:86,1
DA:87,1
DA:90,1
DA:91,0
DA:92,0
DA:96,1
DA:97,1
DA:98,1
DA:100,1
DA:103,1
DA:104,1
DA:105,1
DA:106,1
DA:107,1
DA:110,1
DA:111,1
DA:116,1
DA:118,1
DA:119,1
DA:120,1
DA:130,1
DA:131,1
DA:132,1
DA:134,0
DA:139,0
DA:140,0
DA:144,1
DA:147,1
DA:150,1
DA:151,1
DA:152,1
DA:154,1
DA:159,1
LF:62
LH:48
BRDA:10,0,0,0
BRDA:10,0,1,1
BRDA:11,1,0,0
BRDA:11,1,1,1
BRDA:37,2,0,0
BRDA:37,2,1,1
BRDA:41,3,0,0
BRDA:41,3,1,0
BRDA:45,4,0,1
BRDA:45,4,1,0
BRDA:45,5,0,1
BRDA:45,5,1,1
BRDA:48,6,0,1
BRDA:48,6,1,0
BRDA:49,7,0,1
BRDA:49,7,1,0
BRDA:50,8,0,1
BRDA:50,8,1,0
BRDA:51,9,0,1
BRDA:51,9,1,0
BRDA:52,10,0,1
BRDA:52,10,1,0
BRDA:53,11,0,1
BRDA:53,11,1,0
BRDA:54,12,0,1
BRDA:54,12,1,0
BRDA:54,13,0,1
BRDA:54,13,1,1
BRDA:59,14,0,1
BRDA:60,15,0,13
BRDA:60,15,1,6
BRDA:60,16,0,19
BRDA:60,16,1,16
BRDA:61,17,0,3
BRDA:61,17,1,3
BRDA:85,18,0,1
BRDA:86,19,0,1
BRDA:86,19,1,1
BRDA:90,20,0,0
BRDA:90,20,1,1
BRDA:96,21,0,1
BRDA:96,21,1,0
BRDA:103,22,0,1
BRDA:103,22,1,0
BRDA:103,22,2,0
BRDA:104,23,0,1
BRDA:104,23,1,0
BRDA:105,24,0,1
BRDA:105,24,1,0
BRDA:106,25,0,1
BRDA:106,25,1,0
BRDA:107,26,0,1
BRDA:107,26,1,0
BRDA:110,27,0,1
BRDA:110,27,1,0
BRDA:110,28,0,0
BRDA:110,28,1,0
BRDA:111,29,0,1
BRDA:111,29,1,0
BRDA:111,30,0,1
BRDA:111,30,1,1
BRDA:113,31,0,0
BRDA:113,31,1,0
BRDA:119,32,0,1
BRDA:119,32,1,0
BRDA:121,33,0,1
BRDA:121,33,1,0
BRDA:122,34,0,1
BRDA:122,34,1,0
BRDA:123,35,0,1
BRDA:123,35,1,0
BRDA:124,36,0,1
BRDA:124,36,1,0
BRDA:125,37,0,1
BRDA:125,37,1,0
BRDA:126,38,0,1
BRDA:126,38,1,0
BRDA:127,39,0,1
BRDA:127,39,1,0
BRDA:127,40,0,1
BRDA:127,40,1,1
BRDA:139,41,0,0
BRDA:139,41,1,0
BRF:83
BRH:46
end_of_record
TN:
SF:src\progressRoutes.cjs
FN:7,(anonymous_0)
FN:20,readPuzzlesCount
FN:53,clampProgress
FN:76,solvedIdsArray
FN:81,doSolve
FN:94,(anonymous_5)
FN:151,(anonymous_6)
FN:163,(anonymous_7)
FN:166,(anonymous_8)
FN:184,(anonymous_9)
FNF:10
FNH:1
FNDA:1,(anonymous_0)
FNDA:0,readPuzzlesCount
FNDA:0,clampProgress
FNDA:0,solvedIdsArray
FNDA:0,doSolve
FNDA:0,(anonymous_5)
FNDA:0,(anonymous_6)
FNDA:0,(anonymous_7)
FNDA:0,(anonymous_8)
FNDA:0,(anonymous_9)
DA:4,2
DA:5,2
DA:7,2
DA:9,1
DA:10,1
DA:22,0
DA:30,0
DA:31,0
DA:32,0
DA:33,0
DA:34,0
DA:37,0
DA:43,0
DA:50,0
DA:54,0
DA:56,0
DA:58,0
DA:59,0
DA:61,0
DA:63,0
DA:64,0
DA:65,0
DA:67,0
DA:68,0
DA:69,0
DA:70,0
DA:71,0
DA:72,0
DA:77,0
DA:78,0
DA:82,0
DA:83,0
DA:84,0
DA:86,0
DA:87,0
DA:90,0
DA:91,0
DA:92,0
DA:94,0
DA:95,0
DA:96,0
DA:99,0
DA:100,0
DA:101,0
DA:104,0
DA:105,0
DA:107,0
DA:109,0
DA:110,0
DA:112,0
DA:115,0
DA:118,0
DA:122,0
DA:123,0
DA:124,0
DA:126,0
DA:127,0
DA:128,0
DA:131,0
DA:133,0
DA:146,0
DA:151,1
DA:152,0
DA:153,0
DA:154,0
DA:163,1
DA:166,1
DA:167,0
DA:168,0
DA:170,0
DA:171,0
DA:172,0
DA:175,0
DA:176,0
DA:184,1
DA:185,0
DA:186,0
DA:187,0
DA:188,0
DA:189,0
DA:190,0
DA:191,0
DA:192,0
DA:193,0
LF:84
LH:9
BRDA:9,0,0,1
BRDA:9,0,1,0
BRDA:32,1,0,0
BRDA:32,1,1,0
BRDA:37,2,0,0
BRDA:37,2,1,0
BRDA:39,3,0,0
BRDA:39,3,1,0
BRDA:43,4,0,0
BRDA:43,4,1,0
BRDA:56,5,0,0
BRDA:56,5,1,0
BRDA:59,6,0,0
BRDA:59,6,1,0
BRDA:61,7,0,0
BRDA:61,7,1,0
BRDA:63,8,0,0
BRDA:63,8,1,0
BRDA:64,9,0,0
BRDA:64,9,1,0
BRDA:65,10,0,0
BRDA:65,10,1,0
BRDA:67,11,0,0
BRDA:67,11,1,0
BRDA:68,12,0,0
BRDA:68,12,1,0
BRDA:69,13,0,0
BRDA:69,13,1,0
BRDA:70,14,0,0
BRDA:70,14,1,0
BRDA:71,15,0,0
BRDA:71,15,1,0
BRDA:71,16,0,0
BRDA:71,16,1,0
BRDA:78,17,0,0
BRDA:78,17,1,0
BRDA:86,18,0,0
BRDA:86,18,1,0
BRDA:87,19,0,0
BRDA:87,19,1,0
BRDA:87,19,2,0
BRDA:87,19,3,0
BRDA:90,20,0,0
BRDA:90,20,1,0
BRDA:90,21,0,0
BRDA:90,21,1,0
BRDA:104,22,0,0
BRDA:104,22,1,0
BRDA:107,23,0,0
BRDA:107,23,1,0
BRDA:110,24,0,0
BRDA:110,24,1,0
BRDA:112,25,0,0
BRDA:112,25,1,0
BRDA:124,26,0,0
BRDA:124,26,1,0
BRDA:170,27,0,0
BRDA:170,27,1,0
BRDA:171,28,0,0
BRDA:171,28,1,0
BRF:60
BRH:1
end_of_record
TN:
SF:src\puzzlesRoutes.cjs
FN:4,readJsonSafe
FN:9,normalizeDifficulty
FN:13,loadDifficultyMap
FN:19,(anonymous_3)
FN:25,registerPuzzlesRoutes
FN:26,(anonymous_5)
FN:65,(anonymous_6)
FN:72,(anonymous_7)
FNF:8
FNH:1
FNDA:0,readJsonSafe
FNDA:0,normalizeDifficulty
FNDA:0,loadDifficultyMap
FNDA:0,(anonymous_3)
FNDA:1,registerPuzzlesRoutes
FNDA:0,(anonymous_5)
FNDA:0,(anonymous_6)
FNDA:0,(anonymous_7)
DA:1,1
DA:2,1
DA:5,0
DA:6,0
DA:10,0
DA:14,0
DA:15,0
DA:16,0
DA:18,0
DA:19,0
DA:20,0
DA:21,0
DA:22,0
DA:26,1
DA:27,0
DA:28,0
DA:29,0
DA:32,0
DA:37,0
DA:38,0
DA:39,0
DA:42,0
DA:43,0
DA:44,0
DA:45,0
DA:47,0
DA:54,0
DA:55,0
DA:56,0
DA:60,0
DA:61,0
DA:65,0
DA:66,0
DA:67,0
DA:68,0
DA:72,0
DA:74,0
DA:76,0
DA:81,1
LF:39
LH:4
BRDA:10,0,0,0
BRDA:10,0,1,0
BRDA:15,1,0,0
BRDA:15,1,1,0
BRDA:19,2,0,0
BRDA:19,2,1,0
BRDA:20,3,0,0
BRDA:20,3,1,0
BRDA:20,4,0,0
BRDA:20,4,1,0
BRDA:21,5,0,0
BRDA:21,5,1,0
BRDA:29,6,0,0
BRDA:29,6,1,0
BRDA:29,6,2,0
BRDA:39,7,0,0
BRDA:39,7,1,0
BRDA:43,8,0,0
BRDA:43,8,1,0
BRDA:45,9,0,0
BRDA:45,9,1,0
BRDA:45,10,0,0
BRDA:45,10,1,0
BRDA:55,11,0,0
BRDA:55,11,1,0
BRDA:60,12,0,0
BRDA:60,12,1,0
BRDA:60,13,0,0
BRDA:60,13,1,0
BRDA:67,14,0,0
BRDA:67,14,1,0
BRDA:72,15,0,0
BRDA:72,15,1,0
BRF:33
BRH:0
end_of_record
TN:
SF:src\server.cjs
FN:15,(anonymous_0)
FN:74,(anonymous_1)
FNF:2
FNH:1
FNDA:1,(anonymous_0)
FNDA:0,(anonymous_1)
DA:1,1
DA:2,1
DA:3,1
DA:4,1
DA:6,1
DA:7,1
DA:9,1
DA:10,1
DA:15,1
DA:16,1
DA:62,1
DA:63,1
DA:64,1
DA:65,1
DA:66,1
DA:67,1
DA:70,1
DA:71,1
DA:73,1
DA:74,0
DA:75,0
DA:79,1
LF:22
LH:20
BRDA:7,0,0,1
BRDA:7,0,1,1
BRDA:73,1,0,0
BRDA:73,1,1,1
BRF:4
BRH:3
end_of_record
